0 info it worked if it ends with ok
1 verbose cli [ '/usr/local/bin/node',
1 verbose cli   '/usr/local/bin/npm',
1 verbose cli   'install',
1 verbose cli   '-g',
1 verbose cli   'watch' ]
2 info using npm@2.14.12
3 info using node@v4.2.4
4 verbose install initial load of /usr/local/lib/package.json
5 verbose readDependencies loading dependencies from /usr/local/lib/package.json
6 silly cache add args [ 'watch', null ]
7 verbose cache add spec watch
8 silly cache add parsed spec Result {
8 silly cache add   raw: 'watch',
8 silly cache add   scope: null,
8 silly cache add   name: 'watch',
8 silly cache add   rawSpec: '',
8 silly cache add   spec: 'latest',
8 silly cache add   type: 'tag' }
9 silly addNamed watch@latest
10 verbose addNamed "latest" is being treated as a dist-tag for watch
11 info addNameTag [ 'watch', 'latest' ]
12 silly mapToRegistry name watch
13 silly mapToRegistry using default registry
14 silly mapToRegistry registry https://registry.npmjs.org/
15 silly mapToRegistry uri https://registry.npmjs.org/watch
16 verbose addNameTag registry:https://registry.npmjs.org/watch not in flight; fetching
17 verbose request uri https://registry.npmjs.org/watch
18 verbose request no auth needed
19 info attempt registry request try #1 at 11:34:54 AM
20 verbose request id 3b7d44728b83cc50
21 http request GET https://registry.npmjs.org/watch
22 http 200 https://registry.npmjs.org/watch
23 verbose headers { server: 'CouchDB/1.5.0 (Erlang OTP/R16B03)',
23 verbose headers   etag: '"BHPN9AFU676J42L7R51E4REVW"',
23 verbose headers   'content-type': 'application/json',
23 verbose headers   'cache-control': 'max-age=300',
23 verbose headers   'content-length': '25101',
23 verbose headers   'accept-ranges': 'bytes',
23 verbose headers   date: 'Sat, 16 Jan 2016 17:34:52 GMT',
23 verbose headers   via: '1.1 varnish',
23 verbose headers   age: '212',
23 verbose headers   connection: 'keep-alive',
23 verbose headers   'x-served-by': 'cache-ord1721-ORD',
23 verbose headers   'x-cache': 'HIT',
23 verbose headers   'x-cache-hits': '1',
23 verbose headers   'x-timer': 'S1452965692.652812,VS0,VE0',
23 verbose headers   vary: 'Accept' }
24 silly get cb [ 200,
24 silly get   { server: 'CouchDB/1.5.0 (Erlang OTP/R16B03)',
24 silly get     etag: '"BHPN9AFU676J42L7R51E4REVW"',
24 silly get     'content-type': 'application/json',
24 silly get     'cache-control': 'max-age=300',
24 silly get     'content-length': '25101',
24 silly get     'accept-ranges': 'bytes',
24 silly get     date: 'Sat, 16 Jan 2016 17:34:52 GMT',
24 silly get     via: '1.1 varnish',
24 silly get     age: '212',
24 silly get     connection: 'keep-alive',
24 silly get     'x-served-by': 'cache-ord1721-ORD',
24 silly get     'x-cache': 'HIT',
24 silly get     'x-cache-hits': '1',
24 silly get     'x-timer': 'S1452965692.652812,VS0,VE0',
24 silly get     vary: 'Accept' } ]
25 verbose get saving watch to /Users/casieczapski/.npm/registry.npmjs.org/watch/.cache.json
26 silly addNameTag next cb for watch with tag latest
27 silly addNamed watch@0.17.1
28 verbose addNamed "0.17.1" is a plain semver version for watch
29 silly mapToRegistry name watch
30 silly mapToRegistry using default registry
31 silly mapToRegistry registry https://registry.npmjs.org/
32 silly mapToRegistry uri https://registry.npmjs.org/watch
33 verbose addRemoteTarball https://registry.npmjs.org/watch/-/watch-0.17.1.tgz not in flight; adding
34 verbose addRemoteTarball [ 'https://registry.npmjs.org/watch/-/watch-0.17.1.tgz',
34 verbose addRemoteTarball   '56222acd202d911088e8e340cdf71b424f08343c' ]
35 info retry fetch attempt 1 at 11:34:55 AM
36 info attempt registry request try #1 at 11:34:55 AM
37 http fetch GET https://registry.npmjs.org/watch/-/watch-0.17.1.tgz
38 http fetch 200 https://registry.npmjs.org/watch/-/watch-0.17.1.tgz
39 silly fetchAndShaCheck shasum 56222acd202d911088e8e340cdf71b424f08343c
40 verbose addTmpTarball /var/folders/m3/tkb5fhsn3lxcqj_xw9d8s34c0000gn/T/npm-24914-3b4249b4/registry.npmjs.org/watch/-/watch-0.17.1.tgz not in flight; adding
41 verbose addTmpTarball already have metadata; skipping unpack for watch@0.17.1
42 silly cache afterAdd watch@0.17.1
43 verbose afterAdd /Users/casieczapski/.npm/watch/0.17.1/package/package.json not in flight; writing
44 verbose afterAdd /Users/casieczapski/.npm/watch/0.17.1/package/package.json written
45 silly install resolved [ { name: 'watch',
45 silly install resolved     description: 'Utilities for watching file trees.',
45 silly install resolved     keywords: [ 'util', 'utility', 'fs', 'files' ],
45 silly install resolved     bin: { watch: './cli.js' },
45 silly install resolved     version: '0.17.1',
45 silly install resolved     homepage: 'https://github.com/mikeal/watch',
45 silly install resolved     bugs: { url: 'https://github.com/mikeal/watch/issues' },
45 silly install resolved     license: 'Apache-2.0',
45 silly install resolved     repository: { type: 'git', url: 'git://github.com/mikeal/watch.git' },
45 silly install resolved     author: { name: 'Mikeal Rogers', email: 'mikeal.rogers@gmail.com' },
45 silly install resolved     directories: { lib: 'lib' },
45 silly install resolved     engines: [ 'node >=0.1.95' ],
45 silly install resolved     main: './main',
45 silly install resolved     dependencies: { 'exec-sh': '^0.2.0', minimist: '^1.2.0' },
45 silly install resolved     gitHead: 'e28a358e5e7282d1df9209d5645f0a4d2c7e9c19',
45 silly install resolved     _id: 'watch@0.17.1',
45 silly install resolved     scripts: {},
45 silly install resolved     _shasum: '56222acd202d911088e8e340cdf71b424f08343c',
45 silly install resolved     _from: 'watch@latest',
45 silly install resolved     _npmVersion: '2.14.7',
45 silly install resolved     _nodeVersion: '4.2.3',
45 silly install resolved     _npmUser: { name: 'finnpauls', email: 'derfinn@gmail.com' },
45 silly install resolved     dist:
45 silly install resolved      { shasum: '56222acd202d911088e8e340cdf71b424f08343c',
45 silly install resolved        tarball: 'http://registry.npmjs.org/watch/-/watch-0.17.1.tgz' },
45 silly install resolved     maintainers: [ [Object], [Object] ],
45 silly install resolved     _resolved: 'https://registry.npmjs.org/watch/-/watch-0.17.1.tgz' } ]
46 info install watch@0.17.1 into /usr/local/lib
47 info installOne watch@0.17.1
48 verbose installOne of watch to /usr/local/lib not in flight; installing
49 verbose lock using /Users/casieczapski/.npm/_locks/watch-5043fb459dfb1540.lock for /usr/local/lib/node_modules/watch
50 silly install write writing watch 0.17.1 to /usr/local/lib/node_modules/watch
51 verbose unbuild lib/node_modules/watch
52 silly gentlyRm /usr/local/lib/node_modules/watch is being purged from base /usr/local
53 verbose gentlyRm don't care about contents; nuking /usr/local/lib/node_modules/watch
54 verbose tar unpack /Users/casieczapski/.npm/watch/0.17.1/package.tgz
55 verbose tar unpacking to /usr/local/lib/node_modules/watch
56 silly gentlyRm /usr/local/lib/node_modules/watch is being purged
57 verbose gentlyRm don't care about contents; nuking /usr/local/lib/node_modules/watch
58 silly gunzTarPerm modes [ '755', '644' ]
59 error tar.unpack untar error /Users/casieczapski/.npm/watch/0.17.1/package.tgz
60 verbose unlock done using /Users/casieczapski/.npm/_locks/watch-5043fb459dfb1540.lock for /usr/local/lib/node_modules/watch
61 verbose fstream_path /usr/local/lib/node_modules/watch
62 verbose fstream_type Directory
63 verbose fstream_class DirWriter
64 verbose stack Error: EACCES: permission denied, mkdir '/usr/local/lib/node_modules/watch'
64 verbose stack     at Error (native)
65 verbose fstream_stack /usr/local/lib/node_modules/npm/node_modules/fstream/lib/dir-writer.js:35:25
65 verbose fstream_stack /usr/local/lib/node_modules/npm/node_modules/mkdirp/index.js:47:53
65 verbose fstream_stack FSReqWrap.oncomplete (fs.js:82:15)
66 verbose cwd /Users/casieczapski/Dropbox/Wedding/wedding_website
67 error Darwin 14.5.0
68 error argv "/usr/local/bin/node" "/usr/local/bin/npm" "install" "-g" "watch"
69 error node v4.2.4
70 error npm  v2.14.12
71 error path /usr/local/lib/node_modules/watch
72 error code EACCES
73 error errno -13
74 error syscall mkdir
75 error Error: EACCES: permission denied, mkdir '/usr/local/lib/node_modules/watch'
75 error     at Error (native)
75 error  { [Error: EACCES: permission denied, mkdir '/usr/local/lib/node_modules/watch']
75 error   errno: -13,
75 error   code: 'EACCES',
75 error   syscall: 'mkdir',
75 error   path: '/usr/local/lib/node_modules/watch',
75 error   fstream_type: 'Directory',
75 error   fstream_path: '/usr/local/lib/node_modules/watch',
75 error   fstream_class: 'DirWriter',
75 error   fstream_stack:
75 error    [ '/usr/local/lib/node_modules/npm/node_modules/fstream/lib/dir-writer.js:35:25',
75 error      '/usr/local/lib/node_modules/npm/node_modules/mkdirp/index.js:47:53',
75 error      'FSReqWrap.oncomplete (fs.js:82:15)' ] }
76 error Please try running this command again as root/Administrator.
77 verbose exit [ -13, true ]
78 verbose unbuild lib/node_modules/watch
79 silly gentlyRm /usr/local/lib/node_modules/watch is being purged from base /usr/local
80 verbose gentlyRm don't care about contents; nuking /usr/local/lib/node_modules/watch
